[debug] [2024-05-11T11:52:15.053Z] ----------------------------------------------------------------------
[debug] [2024-05-11T11:52:15.068Z] Command:       C:\Program Files\nodejs\node.exe C:\Users\GigaByte\AppData\Roaming\npm\node_modules\firebase-tools\lib\bin\firebase.js emulators:start --only functions
[debug] [2024-05-11T11:52:15.069Z] CLI Version:   13.8.2
[debug] [2024-05-11T11:52:15.069Z] Platform:      win32
[debug] [2024-05-11T11:52:15.070Z] Node Version:  v20.11.1
[debug] [2024-05-11T11:52:15.070Z] Time:          Sat May 11 2024 14:52:15 GMT+0300 (Eastern European Summer Time)
[debug] [2024-05-11T11:52:15.071Z] ----------------------------------------------------------------------
[debug] 
[debug] [2024-05-11T11:52:15.112Z] >>> [apiv2][query] GET https://firebase-public.firebaseio.com/cli.json [none]
[debug] [2024-05-11T11:52:15.436Z] > command requires scopes: ["email","openid","https://www.googleapis.com/auth/cloudplatformprojects.readonly","https://www.googleapis.com/auth/firebase","https://www.googleapis.com/auth/cloud-platform"]
[debug] [2024-05-11T11:52:15.437Z] > authorizing via signed-in user (ahmed123.456hikal@gmail.com)
[info] i  emulators: Starting emulators: functions {"metadata":{"emulator":{"name":"hub"},"message":"Starting emulators: functions"}}
[debug] [2024-05-11T11:52:15.458Z] [logging] Logging Emulator only supports listening on one address (127.0.0.1). Not listening on ::1
[debug] [2024-05-11T11:52:15.459Z] assigned listening specs for emulators {"user":{"hub":[{"address":"127.0.0.1","family":"IPv4","port":4400},{"address":"::1","family":"IPv6","port":4400}],"ui":[{"address":"127.0.0.1","family":"IPv4","port":4000},{"address":"::1","family":"IPv6","port":4000}],"logging":[{"address":"127.0.0.1","family":"IPv4","port":4500}]},"metadata":{"message":"assigned listening specs for emulators"}}
[debug] [2024-05-11T11:52:15.474Z] [hub] writing locator at C:\Users\GigaByte\AppData\Local\Temp\hub-e-commerce-568a7.json
[debug] [2024-05-11T11:52:15.561Z] [functions] Functions Emulator only supports listening on one address (127.0.0.1). Not listening on ::1
[debug] [2024-05-11T11:52:15.562Z] [eventarc] Eventarc Emulator only supports listening on one address (127.0.0.1). Not listening on ::1
[debug] [2024-05-11T11:52:15.563Z] late-assigned ports for functions and eventarc emulators {"user":{"hub":[{"address":"127.0.0.1","family":"IPv4","port":4400},{"address":"::1","family":"IPv6","port":4400}],"ui":[{"address":"127.0.0.1","family":"IPv4","port":4000},{"address":"::1","family":"IPv6","port":4000}],"logging":[{"address":"127.0.0.1","family":"IPv4","port":4500}],"functions":[{"address":"127.0.0.1","family":"IPv4","port":5001}],"eventarc":[{"address":"127.0.0.1","family":"IPv4","port":9299}]},"metadata":{"message":"late-assigned ports for functions and eventarc emulators"}}
[warn] !  functions: The following emulators are not running, calls to these services from the Functions emulator will affect production: auth, firestore, database, hosting, pubsub, storage, dataconnect {"metadata":{"emulator":{"name":"functions"},"message":"The following emulators are not running, calls to these services from the Functions emulator will affect production: \u001b[1mauth, firestore, database, hosting, pubsub, storage, dataconnect\u001b[22m"}}
[debug] [2024-05-11T11:52:15.571Z] defaultcredentials: writing to file C:\Users\GigaByte\AppData\Roaming\firebase\ahmed123_456hikal_gmail.com_application_default_credentials.json
[debug] [2024-05-11T11:52:15.596Z] Setting GAC to C:\Users\GigaByte\AppData\Roaming\firebase\ahmed123_456hikal_gmail.com_application_default_credentials.json {"metadata":{"emulator":{"name":"functions"},"message":"Setting GAC to C:\\Users\\GigaByte\\AppData\\Roaming\\firebase\\ahmed123_456hikal_gmail.com_application_default_credentials.json"}}
[debug] [2024-05-11T11:52:15.599Z] > refreshing access token with scopes: []
[debug] [2024-05-11T11:52:15.602Z] >>> [apiv2][query] POST https://www.googleapis.com/oauth2/v3/token [none]
[debug] [2024-05-11T11:52:15.603Z] >>> [apiv2][body] POST https://www.googleapis.com/oauth2/v3/token [omitted]
[debug] [2024-05-11T11:52:17.600Z] <<< [apiv2][status] GET https://firebase-public.firebaseio.com/cli.json 200
[debug] [2024-05-11T11:52:17.600Z] <<< [apiv2][body] GET https://firebase-public.firebaseio.com/cli.json {"cloudBuildErrorAfter":1594252800000,"cloudBuildWarnAfter":1590019200000,"defaultNode10After":1594252800000,"minVersion":"3.0.5","node8DeploysDisabledAfter":1613390400000,"node8RuntimeDisabledAfter":1615809600000,"node8WarnAfter":1600128000000}
[debug] [2024-05-11T11:52:19.567Z] <<< [apiv2][status] POST https://www.googleapis.com/oauth2/v3/token 200
[debug] [2024-05-11T11:52:19.567Z] <<< [apiv2][body] POST https://www.googleapis.com/oauth2/v3/token [omitted]
[debug] [2024-05-11T11:52:19.715Z] >>> [apiv2][query] GET https://firebase.googleapis.com/v1beta1/projects/e-commerce-568a7/adminSdkConfig [none]
[debug] [2024-05-11T11:52:21.114Z] <<< [apiv2][status] GET https://firebase.googleapis.com/v1beta1/projects/e-commerce-568a7/adminSdkConfig 403
[debug] [2024-05-11T11:52:21.114Z] <<< [apiv2][body] GET https://firebase.googleapis.com/v1beta1/projects/e-commerce-568a7/adminSdkConfig {"error":{"code":403,"message":"The caller does not have permission","status":"PERMISSION_DENIED"}}
[debug] [2024-05-11T11:52:21.116Z] Failed to get Admin SDK config for e-commerce-568a7, falling back to cache Failed to get Admin SDK for Firebase project e-commerce-568a7. Please make sure the project exists and your account has permission to access it. {"name":"FirebaseError","children":[],"exit":2,"message":"Failed to get Admin SDK for Firebase project e-commerce-568a7. Please make sure the project exists and your account has permission to access it.","original":{"name":"FirebaseError","children":[],"context":{"body":{"error":{"code":403,"message":"The caller does not have permission","status":"PERMISSION_DENIED"}},"response":{"statusCode":403}},"exit":1,"message":"HTTP Error: 403, The caller does not have permission","status":403},"status":500}
[debug] [2024-05-11T11:52:21.202Z] Ignoring unsupported arg: auto_download {"metadata":{"emulator":{"name":"ui"},"message":"Ignoring unsupported arg: auto_download"}}
[debug] [2024-05-11T11:52:21.203Z] Ignoring unsupported arg: port {"metadata":{"emulator":{"name":"ui"},"message":"Ignoring unsupported arg: port"}}
[debug] [2024-05-11T11:52:21.204Z] Starting Emulator UI with command {"binary":"node","args":["C:\\Users\\GigaByte\\.cache\\firebase\\emulators\\ui-v1.11.8\\server\\server.mjs"],"optionalArgs":[],"joinArgs":false,"shell":false} {"metadata":{"emulator":{"name":"ui"},"message":"Starting Emulator UI with command {\"binary\":\"node\",\"args\":[\"C:\\\\Users\\\\GigaByte\\\\.cache\\\\firebase\\\\emulators\\\\ui-v1.11.8\\\\server\\\\server.mjs\"],\"optionalArgs\":[],\"joinArgs\":false,\"shell\":false}"}}
[info] i  ui: Emulator UI logging to ui-debug.log {"metadata":{"emulator":{"name":"ui"},"message":"Emulator UI logging to \u001b[1mui-debug.log\u001b[22m"}}
[debug] [2024-05-11T11:52:21.631Z] Web / API server started at 127.0.0.1:4000
 {"metadata":{"emulator":{"name":"ui"},"message":"Web / API server started at 127.0.0.1:4000\n"}}
[debug] [2024-05-11T11:52:21.632Z] Web / API server started at ::1:4000
 {"metadata":{"emulator":{"name":"ui"},"message":"Web / API server started at ::1:4000\n"}}
[info] i  functions: Watching "E:\react\e-commerce\functions" for Cloud Functions... {"metadata":{"emulator":{"name":"functions"},"message":"Watching \"E:\\react\\e-commerce\\functions\" for Cloud Functions..."}}
[debug] [2024-05-11T11:52:21.702Z] Validating nodejs source
[warn] !  functions: package.json indicates an outdated version of firebase-functions. Please upgrade using npm install --save firebase-functions@latest in your functions directory. 
[warn] !  functions: Please note that there will be breaking changes when you upgrade. 
[debug] [2024-05-11T11:52:26.161Z] > [functions] package.json contents: {
  "name": "functions",
  "description": "Cloud Functions for Firebase",
  "scripts": {
    "lint": "eslint .",
    "serve": "firebase emulators:start --only functions",
    "shell": "firebase functions:shell",
    "start": "npm run shell",
    "deploy": "firebase deploy --only functions",
    "logs": "firebase functions:log"
  },
  "engines": {
    "node": "18"
  },
  "main": "index.js",
  "dependencies": {
    "cors": "^2.8.5",
    "express": "^4.19.2",
    "firebase-admin": "^11.8.0",
    "firebase-functions": "^4.3.1",
    "stripe": "^15.5.0"
  },
  "devDependencies": {
    "eslint": "^8.15.0",
    "eslint-config-google": "^0.14.0",
    "firebase-functions-test": "^3.1.0"
  },
  "private": true
}
[debug] [2024-05-11T11:52:26.162Z] Building nodejs source
[debug] [2024-05-11T11:52:26.162Z] Failed to find version of module node: reached end of search path E:\react\e-commerce\functions\node_modules
[warn] !  functions: Your requested "node" version "18" doesn't match your global version "20". Using node@20 from host. 
[info] i  functions: Loaded environment variables from .env.local. 
[debug] [2024-05-11T11:52:26.178Z] Could not find functions.yaml. Must use http discovery
[debug] [2024-05-11T11:52:26.230Z] Found firebase-functions binary at 'E:\react\e-commerce\functions\node_modules\.bin\firebase-functions'
[info] Serving at port 8199

[error] !!  functions: Failed to load function definition from source: FirebaseError: User code failed to load. Cannot determine backend specification {"metadata":{"emulator":{"name":"functions"},"message":"Failed to load function definition from source: FirebaseError: User code failed to load. Cannot determine backend specification"}}
[info] 
┌─────────────────────────────────────────────────────────────┐
│ ✔  All emulators ready! It is now safe to connect your app. │
│ i  View Emulator UI at http://127.0.0.1:4000/               │
└─────────────────────────────────────────────────────────────┘

┌───────────┬────────────────┬─────────────────────────────────┐
│ Emulator  │ Host:Port      │ View in Emulator UI             │
├───────────┼────────────────┼─────────────────────────────────┤
│ Functions │ 127.0.0.1:5001 │ http://127.0.0.1:4000/functions │
└───────────┴────────────────┴─────────────────────────────────┘
  Emulator Hub running at 127.0.0.1:4400
  Other reserved ports: 4500

Issues? Report them at https://github.com/firebase/firebase-tools/issues and attach the *-debug.log files.
 
[debug] [2024-05-11T11:55:07.606Z] File E:\react\e-commerce\functions\index.js changed, reloading triggers {"metadata":{"emulator":{"name":"functions"},"message":"File E:\\react\\e-commerce\\functions\\index.js changed, reloading triggers"}}
[debug] [2024-05-11T11:55:08.615Z] Validating nodejs source
[warn] !  functions: package.json indicates an outdated version of firebase-functions. Please upgrade using npm install --save firebase-functions@latest in your functions directory. 
[warn] !  functions: Please note that there will be breaking changes when you upgrade. 
[debug] [2024-05-11T11:55:16.208Z] > [functions] package.json contents: {
  "name": "functions",
  "description": "Cloud Functions for Firebase",
  "scripts": {
    "lint": "eslint .",
    "serve": "firebase emulators:start --only functions",
    "shell": "firebase functions:shell",
    "start": "npm run shell",
    "deploy": "firebase deploy --only functions",
    "logs": "firebase functions:log"
  },
  "engines": {
    "node": "18"
  },
  "main": "index.js",
  "dependencies": {
    "cors": "^2.8.5",
    "express": "^4.19.2",
    "firebase-admin": "^11.8.0",
    "firebase-functions": "^4.3.1",
    "stripe": "^15.5.0"
  },
  "devDependencies": {
    "eslint": "^8.15.0",
    "eslint-config-google": "^0.14.0",
    "firebase-functions-test": "^3.1.0"
  },
  "private": true
}
[debug] [2024-05-11T11:55:16.209Z] Building nodejs source
[debug] [2024-05-11T11:55:16.209Z] Failed to find version of module node: reached end of search path E:\react\e-commerce\functions\node_modules
[warn] !  functions: Your requested "node" version "18" doesn't match your global version "20". Using node@20 from host. 
[info] i  functions: Loaded environment variables from .env.local. 
[debug] [2024-05-11T11:55:16.213Z] Could not find functions.yaml. Must use http discovery
[debug] [2024-05-11T11:55:16.228Z] Found firebase-functions binary at 'E:\react\e-commerce\functions\node_modules\.bin\firebase-functions'
[info] Serving at port 8449

[debug] [2024-05-11T11:55:17.890Z] Got response from /__/functions.yaml {"endpoints":{"api":{"platform":"gcfv1","availableMemoryMb":null,"timeoutSeconds":null,"minInstances":null,"maxInstances":null,"ingressSettings":null,"serviceAccountEmail":null,"vpc":null,"httpsTrigger":{},"entryPoint":"api"}},"specVersion":"v1alpha1","requiredAPIs":[]}
[info] +  functions: Loaded functions definitions from source: api. {"metadata":{"emulator":{"name":"functions"},"message":"Loaded functions definitions from source: api."}}
[info] +  functions[us-central1-api]: http function initialized (http://127.0.0.1:5001/e-commerce-568a7/us-central1/api). {"metadata":{"emulator":{"name":"functions"},"message":"\u001b[1mhttp\u001b[22m function initialized (http://127.0.0.1:5001/e-commerce-568a7/us-central1/api)."}}
[debug] [2024-05-11T11:55:59.739Z] [work-queue] {"queuedWork":["/e-commerce-568a7/us-central1/api-2024-05-11T11:55:59.738Z"],"queueLength":1,"runningWork":[],"workRunningCount":0}
[debug] [2024-05-11T11:55:59.741Z] [work-queue] {"queuedWork":[],"queueLength":0,"runningWork":["/e-commerce-568a7/us-central1/api-2024-05-11T11:55:59.738Z"],"workRunningCount":1}
[debug] [2024-05-11T11:55:59.742Z] Accepted request GET /e-commerce-568a7/us-central1/api --> us-central1-api
[debug] [2024-05-11T11:55:59.754Z] [functions] Runtime ready! Sending request! {"metadata":{"emulator":{"name":"functions"},"message":"[functions] Runtime ready! Sending request!"}}
[debug] [2024-05-11T11:55:59.755Z] [functions] Got req.url=/e-commerce-568a7/us-central1/api, mapping to path=/ {"metadata":{"emulator":{"name":"functions"},"message":"[functions] Got req.url=/e-commerce-568a7/us-central1/api, mapping to path=/"}}
[info] i  functions: Loaded environment variables from .env.local. 
[debug] [2024-05-11T11:55:59.989Z] [worker-pool] addWorker(us-central1-api) {"metadata":{"emulator":{"name":"functions"},"message":"[worker-pool] addWorker(us-central1-api)"}}
[debug] [2024-05-11T11:55:59.991Z] [worker-pool] Adding worker with key us-central1-api, total=1 {"metadata":{"emulator":{"name":"functions"},"message":"[worker-pool] Adding worker with key us-central1-api, total=1"}}
[debug] [2024-05-11T11:56:03.953Z] [runtime-status] [3568] Resolved module firebase-admin {"declared":true,"installed":true,"version":"11.11.1","resolution":"E:\\react\\e-commerce\\functions\\node_modules\\firebase-admin\\lib\\index.js"} {"metadata":{"emulator":{"name":"functions"},"function":{"name":"us-central1-api"},"extension":{},"message":"[runtime-status] [3568] Resolved module firebase-admin {\"declared\":true,\"installed\":true,\"version\":\"11.11.1\",\"resolution\":\"E:\\\\react\\\\e-commerce\\\\functions\\\\node_modules\\\\firebase-admin\\\\lib\\\\index.js\"}"}}
[debug] [2024-05-11T11:56:03.960Z] [runtime-status] [3568] Resolved module firebase-functions {"declared":true,"installed":true,"version":"4.9.0","resolution":"E:\\react\\e-commerce\\functions\\node_modules\\firebase-functions\\lib\\v1\\index.js"} {"metadata":{"emulator":{"name":"functions"},"function":{"name":"us-central1-api"},"extension":{},"message":"[runtime-status] [3568] Resolved module firebase-functions {\"declared\":true,\"installed\":true,\"version\":\"4.9.0\",\"resolution\":\"E:\\\\react\\\\e-commerce\\\\functions\\\\node_modules\\\\firebase-functions\\\\lib\\\\v1\\\\index.js\"}"}}
[debug] [2024-05-11T11:56:03.961Z] [runtime-status] [3568] Outgoing network have been stubbed. [{"name":"http","status":"mocked"},{"name":"http","status":"mocked"},{"name":"https","status":"mocked"},{"name":"https","status":"mocked"},{"name":"net","status":"mocked"}] {"metadata":{"emulator":{"name":"functions"},"function":{"name":"us-central1-api"},"extension":{},"message":"[runtime-status] [3568] Outgoing network have been stubbed. [{\"name\":\"http\",\"status\":\"mocked\"},{\"name\":\"http\",\"status\":\"mocked\"},{\"name\":\"https\",\"status\":\"mocked\"},{\"name\":\"https\",\"status\":\"mocked\"},{\"name\":\"net\",\"status\":\"mocked\"}]"}}
[debug] [2024-05-11T11:56:03.962Z] [runtime-status] [3568] Resolved module firebase-functions {"declared":true,"installed":true,"version":"4.9.0","resolution":"E:\\react\\e-commerce\\functions\\node_modules\\firebase-functions\\lib\\v1\\index.js"} {"metadata":{"emulator":{"name":"functions"},"function":{"name":"us-central1-api"},"extension":{},"message":"[runtime-status] [3568] Resolved module firebase-functions {\"declared\":true,\"installed\":true,\"version\":\"4.9.0\",\"resolution\":\"E:\\\\react\\\\e-commerce\\\\functions\\\\node_modules\\\\firebase-functions\\\\lib\\\\v1\\\\index.js\"}"}}
[debug] [2024-05-11T11:56:04.578Z] [runtime-status] [3568] Checked functions.config() {"config":{}} {"metadata":{"emulator":{"name":"functions"},"function":{"name":"us-central1-api"},"extension":{},"message":"[runtime-status] [3568] Checked functions.config() {\"config\":{}}"}}
[debug] [2024-05-11T11:56:04.579Z] [runtime-status] [3568] firebase-functions has been stubbed. {"functionsResolution":{"declared":true,"installed":true,"version":"4.9.0","resolution":"E:\\react\\e-commerce\\functions\\node_modules\\firebase-functions\\lib\\v1\\index.js"}} {"metadata":{"emulator":{"name":"functions"},"function":{"name":"us-central1-api"},"extension":{},"message":"[runtime-status] [3568] firebase-functions has been stubbed. {\"functionsResolution\":{\"declared\":true,\"installed\":true,\"version\":\"4.9.0\",\"resolution\":\"E:\\\\react\\\\e-commerce\\\\functions\\\\node_modules\\\\firebase-functions\\\\lib\\\\v1\\\\index.js\"}}"}}
[debug] [2024-05-11T11:56:04.580Z] [runtime-status] [3568] Resolved module firebase-functions {"declared":true,"installed":true,"version":"4.9.0","resolution":"E:\\react\\e-commerce\\functions\\node_modules\\firebase-functions\\lib\\v1\\index.js"} {"metadata":{"emulator":{"name":"functions"},"function":{"name":"us-central1-api"},"extension":{},"message":"[runtime-status] [3568] Resolved module firebase-functions {\"declared\":true,\"installed\":true,\"version\":\"4.9.0\",\"resolution\":\"E:\\\\react\\\\e-commerce\\\\functions\\\\node_modules\\\\firebase-functions\\\\lib\\\\v1\\\\index.js\"}"}}
[debug] [2024-05-11T11:56:04.584Z] [runtime-status] [3568] Resolved module firebase-admin {"declared":true,"installed":true,"version":"11.11.1","resolution":"E:\\react\\e-commerce\\functions\\node_modules\\firebase-admin\\lib\\index.js"} {"metadata":{"emulator":{"name":"functions"},"function":{"name":"us-central1-api"},"extension":{},"message":"[runtime-status] [3568] Resolved module firebase-admin {\"declared\":true,\"installed\":true,\"version\":\"11.11.1\",\"resolution\":\"E:\\\\react\\\\e-commerce\\\\functions\\\\node_modules\\\\firebase-admin\\\\lib\\\\index.js\"}"}}
[debug] [2024-05-11T11:56:05.029Z] [runtime-status] [3568] Resolved module firebase-functions {"declared":true,"installed":true,"version":"4.9.0","resolution":"E:\\react\\e-commerce\\functions\\node_modules\\firebase-functions\\lib\\v1\\index.js"} {"metadata":{"emulator":{"name":"functions"},"function":{"name":"us-central1-api"},"extension":{},"message":"[runtime-status] [3568] Resolved module firebase-functions {\"declared\":true,\"installed\":true,\"version\":\"4.9.0\",\"resolution\":\"E:\\\\react\\\\e-commerce\\\\functions\\\\node_modules\\\\firebase-functions\\\\lib\\\\v1\\\\index.js\"}"}}
[debug] [2024-05-11T11:56:05.031Z] [runtime-status] [3568] firebase-admin has been stubbed. {"adminResolution":{"declared":true,"installed":true,"version":"11.11.1","resolution":"E:\\react\\e-commerce\\functions\\node_modules\\firebase-admin\\lib\\index.js"}} {"metadata":{"emulator":{"name":"functions"},"function":{"name":"us-central1-api"},"extension":{},"message":"[runtime-status] [3568] firebase-admin has been stubbed. {\"adminResolution\":{\"declared\":true,\"installed\":true,\"version\":\"11.11.1\",\"resolution\":\"E:\\\\react\\\\e-commerce\\\\functions\\\\node_modules\\\\firebase-admin\\\\lib\\\\index.js\"}}"}}
[debug] [2024-05-11T11:56:05.648Z] [runtime-status] [3568] Functions runtime initialized. {"cwd":"E:\\react\\e-commerce\\functions","node_version":"20.11.1"} {"metadata":{"emulator":{"name":"functions"},"function":{"name":"us-central1-api"},"extension":{},"message":"[runtime-status] [3568] Functions runtime initialized. {\"cwd\":\"E:\\\\react\\\\e-commerce\\\\functions\",\"node_version\":\"20.11.1\"}"}}
[debug] [2024-05-11T11:56:05.651Z] [runtime-status] [3568] Listening to port: \\?\pipe\fire_emu_c924edf9cc184356 {"metadata":{"emulator":{"name":"functions"},"function":{"name":"us-central1-api"},"extension":{},"message":"[runtime-status] [3568] Listening to port: \\\\?\\pipe\\fire_emu_c924edf9cc184356"}}
[debug] [2024-05-11T11:56:05.723Z] [worker-us-central1-api-aa1c4871-2950-4672-b1ca-fa29df05e9bf]: IDLE {"metadata":{"emulator":{"name":"functions"},"function":{"name":"us-central1-api"},"extension":{},"message":"[worker-us-central1-api-aa1c4871-2950-4672-b1ca-fa29df05e9bf]: IDLE"}}
[debug] [2024-05-11T11:56:05.724Z] [worker-pool] submitRequest(triggerId=us-central1-api) {"metadata":{"emulator":{"name":"functions"},"message":"[worker-pool] submitRequest(triggerId=us-central1-api)"}}
[info] i  functions: Beginning execution of "us-central1-api" {"metadata":{"emulator":{"name":"functions"},"function":{"name":"us-central1-api"},"extension":{},"message":"Beginning execution of \"us-central1-api\""}}
[debug] [2024-05-11T11:56:05.756Z] [worker-us-central1-api-aa1c4871-2950-4672-b1ca-fa29df05e9bf]: BUSY {"metadata":{"emulator":{"name":"functions"},"function":{"name":"us-central1-api"},"extension":{},"message":"[worker-us-central1-api-aa1c4871-2950-4672-b1ca-fa29df05e9bf]: BUSY"}}
[debug] [2024-05-11T11:56:05.787Z] Finishing up request with event=pause {"metadata":{"emulator":{"name":"functions"},"function":{"name":"us-central1-api"},"extension":{},"message":"Finishing up request with event=pause"}}
[info] i  functions: Finished "us-central1-api" in 31.605ms {"metadata":{"emulator":{"name":"functions"},"function":{"name":"us-central1-api"},"extension":{},"message":"Finished \"us-central1-api\" in 31.605ms"}}
[debug] [2024-05-11T11:56:05.791Z] [worker-us-central1-api-aa1c4871-2950-4672-b1ca-fa29df05e9bf]: IDLE {"metadata":{"emulator":{"name":"functions"},"function":{"name":"us-central1-api"},"extension":{},"message":"[worker-us-central1-api-aa1c4871-2950-4672-b1ca-fa29df05e9bf]: IDLE"}}
[debug] [2024-05-11T11:56:05.792Z] Finishing up request with event=finish {"metadata":{"emulator":{"name":"functions"},"function":{"name":"us-central1-api"},"extension":{},"message":"Finishing up request with event=finish"}}
[debug] [2024-05-11T11:56:05.792Z] Finishing up request with event=close {"metadata":{"emulator":{"name":"functions"},"function":{"name":"us-central1-api"},"extension":{},"message":"Finishing up request with event=close"}}
[debug] [2024-05-11T11:56:05.793Z] [work-queue] {"queuedWork":[],"queueLength":0,"runningWork":[],"workRunningCount":0}
[debug] [2024-05-11T11:56:06.328Z] Functions emulator received unknown request at path /favicon.ico
[debug] [2024-05-11T11:56:11.249Z] [work-queue] {"queuedWork":["/e-commerce-568a7/us-central1/api-2024-05-11T11:56:11.249Z"],"queueLength":1,"runningWork":[],"workRunningCount":0}
[debug] [2024-05-11T11:56:11.249Z] [work-queue] {"queuedWork":[],"queueLength":0,"runningWork":["/e-commerce-568a7/us-central1/api-2024-05-11T11:56:11.249Z"],"workRunningCount":1}
[debug] [2024-05-11T11:56:11.249Z] Accepted request GET /e-commerce-568a7/us-central1/api --> us-central1-api
[debug] [2024-05-11T11:56:11.255Z] [functions] Runtime ready! Sending request! {"metadata":{"emulator":{"name":"functions"},"message":"[functions] Runtime ready! Sending request!"}}
[debug] [2024-05-11T11:56:11.255Z] [functions] Got req.url=/e-commerce-568a7/us-central1/api, mapping to path=/ {"metadata":{"emulator":{"name":"functions"},"message":"[functions] Got req.url=/e-commerce-568a7/us-central1/api, mapping to path=/"}}
[debug] [2024-05-11T11:56:11.256Z] [worker-pool] submitRequest(triggerId=us-central1-api) {"metadata":{"emulator":{"name":"functions"},"message":"[worker-pool] submitRequest(triggerId=us-central1-api)"}}
[info] i  functions: Beginning execution of "us-central1-api" {"metadata":{"emulator":{"name":"functions"},"function":{"name":"us-central1-api"},"extension":{},"message":"Beginning execution of \"us-central1-api\""}}
[debug] [2024-05-11T11:56:11.257Z] [worker-us-central1-api-aa1c4871-2950-4672-b1ca-fa29df05e9bf]: BUSY {"metadata":{"emulator":{"name":"functions"},"function":{"name":"us-central1-api"},"extension":{},"message":"[worker-us-central1-api-aa1c4871-2950-4672-b1ca-fa29df05e9bf]: BUSY"}}
[debug] [2024-05-11T11:56:11.262Z] Finishing up request with event=pause {"metadata":{"emulator":{"name":"functions"},"function":{"name":"us-central1-api"},"extension":{},"message":"Finishing up request with event=pause"}}
[info] i  functions: Finished "us-central1-api" in 5.8756ms {"metadata":{"emulator":{"name":"functions"},"function":{"name":"us-central1-api"},"extension":{},"message":"Finished \"us-central1-api\" in 5.8756ms"}}
[debug] [2024-05-11T11:56:11.264Z] [worker-us-central1-api-aa1c4871-2950-4672-b1ca-fa29df05e9bf]: IDLE {"metadata":{"emulator":{"name":"functions"},"function":{"name":"us-central1-api"},"extension":{},"message":"[worker-us-central1-api-aa1c4871-2950-4672-b1ca-fa29df05e9bf]: IDLE"}}
[debug] [2024-05-11T11:56:11.264Z] Finishing up request with event=finish {"metadata":{"emulator":{"name":"functions"},"function":{"name":"us-central1-api"},"extension":{},"message":"Finishing up request with event=finish"}}
[debug] [2024-05-11T11:56:11.265Z] Finishing up request with event=close {"metadata":{"emulator":{"name":"functions"},"function":{"name":"us-central1-api"},"extension":{},"message":"Finishing up request with event=close"}}
[debug] [2024-05-11T11:56:11.266Z] [work-queue] {"queuedWork":[],"queueLength":0,"runningWork":[],"workRunningCount":0}
[debug] [2024-05-11T12:01:02.524Z] [work-queue] {"queuedWork":["/e-commerce-568a7/us-central1/api-2024-05-11T12:01:02.524Z"],"queueLength":1,"runningWork":[],"workRunningCount":0}
[debug] [2024-05-11T12:01:02.524Z] [work-queue] {"queuedWork":[],"queueLength":0,"runningWork":["/e-commerce-568a7/us-central1/api-2024-05-11T12:01:02.524Z"],"workRunningCount":1}
[debug] [2024-05-11T12:01:02.525Z] Accepted request GET /e-commerce-568a7/us-central1/api --> us-central1-api
[debug] [2024-05-11T12:01:02.529Z] [functions] Runtime ready! Sending request! {"metadata":{"emulator":{"name":"functions"},"message":"[functions] Runtime ready! Sending request!"}}
[debug] [2024-05-11T12:01:02.529Z] [functions] Got req.url=/e-commerce-568a7/us-central1/api, mapping to path=/ {"metadata":{"emulator":{"name":"functions"},"message":"[functions] Got req.url=/e-commerce-568a7/us-central1/api, mapping to path=/"}}
[debug] [2024-05-11T12:01:02.529Z] [worker-pool] submitRequest(triggerId=us-central1-api) {"metadata":{"emulator":{"name":"functions"},"message":"[worker-pool] submitRequest(triggerId=us-central1-api)"}}
[info] i  functions: Beginning execution of "us-central1-api" {"metadata":{"emulator":{"name":"functions"},"function":{"name":"us-central1-api"},"extension":{},"message":"Beginning execution of \"us-central1-api\""}}
[debug] [2024-05-11T12:01:02.531Z] [worker-us-central1-api-aa1c4871-2950-4672-b1ca-fa29df05e9bf]: BUSY {"metadata":{"emulator":{"name":"functions"},"function":{"name":"us-central1-api"},"extension":{},"message":"[worker-us-central1-api-aa1c4871-2950-4672-b1ca-fa29df05e9bf]: BUSY"}}
[debug] [2024-05-11T12:01:02.541Z] Finishing up request with event=pause {"metadata":{"emulator":{"name":"functions"},"function":{"name":"us-central1-api"},"extension":{},"message":"Finishing up request with event=pause"}}
[info] i  functions: Finished "us-central1-api" in 10.5559ms {"metadata":{"emulator":{"name":"functions"},"function":{"name":"us-central1-api"},"extension":{},"message":"Finished \"us-central1-api\" in 10.5559ms"}}
[debug] [2024-05-11T12:01:02.544Z] [worker-us-central1-api-aa1c4871-2950-4672-b1ca-fa29df05e9bf]: IDLE {"metadata":{"emulator":{"name":"functions"},"function":{"name":"us-central1-api"},"extension":{},"message":"[worker-us-central1-api-aa1c4871-2950-4672-b1ca-fa29df05e9bf]: IDLE"}}
[debug] [2024-05-11T12:01:02.545Z] Finishing up request with event=finish {"metadata":{"emulator":{"name":"functions"},"function":{"name":"us-central1-api"},"extension":{},"message":"Finishing up request with event=finish"}}
[debug] [2024-05-11T12:01:02.545Z] Finishing up request with event=close {"metadata":{"emulator":{"name":"functions"},"function":{"name":"us-central1-api"},"extension":{},"message":"Finishing up request with event=close"}}
[debug] [2024-05-11T12:01:02.545Z] [work-queue] {"queuedWork":[],"queueLength":0,"runningWork":[],"workRunningCount":0}
[debug] [2024-05-11T12:03:45.444Z] [work-queue] {"queuedWork":["/e-commerce-568a7/us-central1/api/payments/create-2024-05-11T12:03:45.444Z"],"queueLength":1,"runningWork":[],"workRunningCount":0}
[debug] [2024-05-11T12:03:45.445Z] [work-queue] {"queuedWork":[],"queueLength":0,"runningWork":["/e-commerce-568a7/us-central1/api/payments/create-2024-05-11T12:03:45.444Z"],"workRunningCount":1}
[debug] [2024-05-11T12:03:45.445Z] Accepted request POST /e-commerce-568a7/us-central1/api/payments/create?total=3598 --> us-central1-api
[debug] [2024-05-11T12:03:45.453Z] [functions] Runtime ready! Sending request! {"metadata":{"emulator":{"name":"functions"},"message":"[functions] Runtime ready! Sending request!"}}
[debug] [2024-05-11T12:03:45.454Z] [functions] Got req.url=/e-commerce-568a7/us-central1/api/payments/create?total=3598, mapping to path=/payments/create?total=3598 {"metadata":{"emulator":{"name":"functions"},"message":"[functions] Got req.url=/e-commerce-568a7/us-central1/api/payments/create?total=3598, mapping to path=/payments/create?total=3598"}}
[debug] [2024-05-11T12:03:45.454Z] [worker-pool] submitRequest(triggerId=us-central1-api) {"metadata":{"emulator":{"name":"functions"},"message":"[worker-pool] submitRequest(triggerId=us-central1-api)"}}
[info] i  functions: Beginning execution of "us-central1-api" {"metadata":{"emulator":{"name":"functions"},"function":{"name":"us-central1-api"},"extension":{},"message":"Beginning execution of \"us-central1-api\""}}
[debug] [2024-05-11T12:03:45.466Z] [worker-us-central1-api-aa1c4871-2950-4672-b1ca-fa29df05e9bf]: BUSY {"metadata":{"emulator":{"name":"functions"},"function":{"name":"us-central1-api"},"extension":{},"message":"[worker-us-central1-api-aa1c4871-2950-4672-b1ca-fa29df05e9bf]: BUSY"}}
[debug] [2024-05-11T12:03:45.469Z] [work-queue] {"queuedWork":["/e-commerce-568a7/us-central1/api/payments/create-2024-05-11T12:03:45.469Z"],"queueLength":1,"runningWork":["/e-commerce-568a7/us-central1/api/payments/create-2024-05-11T12:03:45.444Z"],"workRunningCount":1}
[debug] [2024-05-11T12:03:45.469Z] [work-queue] {"queuedWork":[],"queueLength":0,"runningWork":["/e-commerce-568a7/us-central1/api/payments/create-2024-05-11T12:03:45.444Z","/e-commerce-568a7/us-central1/api/payments/create-2024-05-11T12:03:45.469Z"],"workRunningCount":2}
[debug] [2024-05-11T12:03:45.470Z] Accepted request POST /e-commerce-568a7/us-central1/api/payments/create?total=3598 --> us-central1-api
[debug] [2024-05-11T12:03:45.478Z] [functions] Runtime ready! Sending request! {"metadata":{"emulator":{"name":"functions"},"message":"[functions] Runtime ready! Sending request!"}}
[debug] [2024-05-11T12:03:45.479Z] [functions] Got req.url=/e-commerce-568a7/us-central1/api/payments/create?total=3598, mapping to path=/payments/create?total=3598 {"metadata":{"emulator":{"name":"functions"},"message":"[functions] Got req.url=/e-commerce-568a7/us-central1/api/payments/create?total=3598, mapping to path=/payments/create?total=3598"}}
[info] i  functions: Loaded environment variables from .env.local. 
[debug] [2024-05-11T12:03:45.637Z] [worker-pool] addWorker(us-central1-api) {"metadata":{"emulator":{"name":"functions"},"message":"[worker-pool] addWorker(us-central1-api)"}}
[debug] [2024-05-11T12:03:45.638Z] [worker-pool] Adding worker with key us-central1-api, total=2 {"metadata":{"emulator":{"name":"functions"},"message":"[worker-pool] Adding worker with key us-central1-api, total=2"}}
[debug] [2024-05-11T12:03:48.891Z] Finishing up request with event=pause {"metadata":{"emulator":{"name":"functions"},"function":{"name":"us-central1-api"},"extension":{},"message":"Finishing up request with event=pause"}}
[info] i  functions: Finished "us-central1-api" in 3425.4413ms {"metadata":{"emulator":{"name":"functions"},"function":{"name":"us-central1-api"},"extension":{},"message":"Finished \"us-central1-api\" in 3425.4413ms"}}
[debug] [2024-05-11T12:03:48.897Z] [worker-us-central1-api-aa1c4871-2950-4672-b1ca-fa29df05e9bf]: IDLE {"metadata":{"emulator":{"name":"functions"},"function":{"name":"us-central1-api"},"extension":{},"message":"[worker-us-central1-api-aa1c4871-2950-4672-b1ca-fa29df05e9bf]: IDLE"}}
[debug] [2024-05-11T12:03:48.898Z] Finishing up request with event=finish {"metadata":{"emulator":{"name":"functions"},"function":{"name":"us-central1-api"},"extension":{},"message":"Finishing up request with event=finish"}}
[debug] [2024-05-11T12:03:48.898Z] Finishing up request with event=close {"metadata":{"emulator":{"name":"functions"},"function":{"name":"us-central1-api"},"extension":{},"message":"Finishing up request with event=close"}}
[debug] [2024-05-11T12:03:48.898Z] [work-queue] {"queuedWork":[],"queueLength":0,"runningWork":["/e-commerce-568a7/us-central1/api/payments/create-2024-05-11T12:03:45.469Z"],"workRunningCount":1}
[debug] [2024-05-11T12:03:53.376Z] [runtime-status] [14208] Resolved module firebase-admin {"declared":true,"installed":true,"version":"11.11.1","resolution":"E:\\react\\e-commerce\\functions\\node_modules\\firebase-admin\\lib\\index.js"} {"metadata":{"emulator":{"name":"functions"},"function":{"name":"us-central1-api"},"extension":{},"message":"[runtime-status] [14208] Resolved module firebase-admin {\"declared\":true,\"installed\":true,\"version\":\"11.11.1\",\"resolution\":\"E:\\\\react\\\\e-commerce\\\\functions\\\\node_modules\\\\firebase-admin\\\\lib\\\\index.js\"}"}}
[debug] [2024-05-11T12:03:53.390Z] [runtime-status] [14208] Resolved module firebase-functions {"declared":true,"installed":true,"version":"4.9.0","resolution":"E:\\react\\e-commerce\\functions\\node_modules\\firebase-functions\\lib\\v1\\index.js"} {"metadata":{"emulator":{"name":"functions"},"function":{"name":"us-central1-api"},"extension":{},"message":"[runtime-status] [14208] Resolved module firebase-functions {\"declared\":true,\"installed\":true,\"version\":\"4.9.0\",\"resolution\":\"E:\\\\react\\\\e-commerce\\\\functions\\\\node_modules\\\\firebase-functions\\\\lib\\\\v1\\\\index.js\"}"}}
[debug] [2024-05-11T12:03:53.393Z] [runtime-status] [14208] Outgoing network have been stubbed. [{"name":"http","status":"mocked"},{"name":"http","status":"mocked"},{"name":"https","status":"mocked"},{"name":"https","status":"mocked"},{"name":"net","status":"mocked"}] {"metadata":{"emulator":{"name":"functions"},"function":{"name":"us-central1-api"},"extension":{},"message":"[runtime-status] [14208] Outgoing network have been stubbed. [{\"name\":\"http\",\"status\":\"mocked\"},{\"name\":\"http\",\"status\":\"mocked\"},{\"name\":\"https\",\"status\":\"mocked\"},{\"name\":\"https\",\"status\":\"mocked\"},{\"name\":\"net\",\"status\":\"mocked\"}]"}}
[debug] [2024-05-11T12:03:53.396Z] [runtime-status] [14208] Resolved module firebase-functions {"declared":true,"installed":true,"version":"4.9.0","resolution":"E:\\react\\e-commerce\\functions\\node_modules\\firebase-functions\\lib\\v1\\index.js"} {"metadata":{"emulator":{"name":"functions"},"function":{"name":"us-central1-api"},"extension":{},"message":"[runtime-status] [14208] Resolved module firebase-functions {\"declared\":true,\"installed\":true,\"version\":\"4.9.0\",\"resolution\":\"E:\\\\react\\\\e-commerce\\\\functions\\\\node_modules\\\\firebase-functions\\\\lib\\\\v1\\\\index.js\"}"}}
[debug] [2024-05-11T12:03:54.741Z] [runtime-status] [14208] Checked functions.config() {"config":{}} {"metadata":{"emulator":{"name":"functions"},"function":{"name":"us-central1-api"},"extension":{},"message":"[runtime-status] [14208] Checked functions.config() {\"config\":{}}"}}
[debug] [2024-05-11T12:03:54.742Z] [runtime-status] [14208] firebase-functions has been stubbed. {"functionsResolution":{"declared":true,"installed":true,"version":"4.9.0","resolution":"E:\\react\\e-commerce\\functions\\node_modules\\firebase-functions\\lib\\v1\\index.js"}} {"metadata":{"emulator":{"name":"functions"},"function":{"name":"us-central1-api"},"extension":{},"message":"[runtime-status] [14208] firebase-functions has been stubbed. {\"functionsResolution\":{\"declared\":true,\"installed\":true,\"version\":\"4.9.0\",\"resolution\":\"E:\\\\react\\\\e-commerce\\\\functions\\\\node_modules\\\\firebase-functions\\\\lib\\\\v1\\\\index.js\"}}"}}
[debug] [2024-05-11T12:03:54.747Z] [runtime-status] [14208] Resolved module firebase-functions {"declared":true,"installed":true,"version":"4.9.0","resolution":"E:\\react\\e-commerce\\functions\\node_modules\\firebase-functions\\lib\\v1\\index.js"} {"metadata":{"emulator":{"name":"functions"},"function":{"name":"us-central1-api"},"extension":{},"message":"[runtime-status] [14208] Resolved module firebase-functions {\"declared\":true,\"installed\":true,\"version\":\"4.9.0\",\"resolution\":\"E:\\\\react\\\\e-commerce\\\\functions\\\\node_modules\\\\firebase-functions\\\\lib\\\\v1\\\\index.js\"}"}}
[debug] [2024-05-11T12:03:54.752Z] [runtime-status] [14208] Resolved module firebase-admin {"declared":true,"installed":true,"version":"11.11.1","resolution":"E:\\react\\e-commerce\\functions\\node_modules\\firebase-admin\\lib\\index.js"} {"metadata":{"emulator":{"name":"functions"},"function":{"name":"us-central1-api"},"extension":{},"message":"[runtime-status] [14208] Resolved module firebase-admin {\"declared\":true,\"installed\":true,\"version\":\"11.11.1\",\"resolution\":\"E:\\\\react\\\\e-commerce\\\\functions\\\\node_modules\\\\firebase-admin\\\\lib\\\\index.js\"}"}}
[debug] [2024-05-11T12:03:54.765Z] [runtime-status] [14208] Resolved module firebase-functions {"declared":true,"installed":true,"version":"4.9.0","resolution":"E:\\react\\e-commerce\\functions\\node_modules\\firebase-functions\\lib\\v1\\index.js"} {"metadata":{"emulator":{"name":"functions"},"function":{"name":"us-central1-api"},"extension":{},"message":"[runtime-status] [14208] Resolved module firebase-functions {\"declared\":true,\"installed\":true,\"version\":\"4.9.0\",\"resolution\":\"E:\\\\react\\\\e-commerce\\\\functions\\\\node_modules\\\\firebase-functions\\\\lib\\\\v1\\\\index.js\"}"}}
[debug] [2024-05-11T12:03:54.767Z] [runtime-status] [14208] firebase-admin has been stubbed. {"adminResolution":{"declared":true,"installed":true,"version":"11.11.1","resolution":"E:\\react\\e-commerce\\functions\\node_modules\\firebase-admin\\lib\\index.js"}} {"metadata":{"emulator":{"name":"functions"},"function":{"name":"us-central1-api"},"extension":{},"message":"[runtime-status] [14208] firebase-admin has been stubbed. {\"adminResolution\":{\"declared\":true,\"installed\":true,\"version\":\"11.11.1\",\"resolution\":\"E:\\\\react\\\\e-commerce\\\\functions\\\\node_modules\\\\firebase-admin\\\\lib\\\\index.js\"}}"}}
[debug] [2024-05-11T12:03:55.908Z] [runtime-status] [14208] Functions runtime initialized. {"cwd":"E:\\react\\e-commerce\\functions","node_version":"20.11.1"} {"metadata":{"emulator":{"name":"functions"},"function":{"name":"us-central1-api"},"extension":{},"message":"[runtime-status] [14208] Functions runtime initialized. {\"cwd\":\"E:\\\\react\\\\e-commerce\\\\functions\",\"node_version\":\"20.11.1\"}"}}
[debug] [2024-05-11T12:03:55.911Z] [runtime-status] [14208] Listening to port: \\?\pipe\fire_emu_69c2f2499d2be2fb {"metadata":{"emulator":{"name":"functions"},"function":{"name":"us-central1-api"},"extension":{},"message":"[runtime-status] [14208] Listening to port: \\\\?\\pipe\\fire_emu_69c2f2499d2be2fb"}}
[debug] [2024-05-11T12:03:55.976Z] [worker-us-central1-api-2c1cf636-ece1-443a-98b7-e4f352b1cc10]: IDLE {"metadata":{"emulator":{"name":"functions"},"function":{"name":"us-central1-api"},"extension":{},"message":"[worker-us-central1-api-2c1cf636-ece1-443a-98b7-e4f352b1cc10]: IDLE"}}
[debug] [2024-05-11T12:03:55.977Z] [worker-pool] submitRequest(triggerId=us-central1-api) {"metadata":{"emulator":{"name":"functions"},"message":"[worker-pool] submitRequest(triggerId=us-central1-api)"}}
[info] i  functions: Beginning execution of "us-central1-api" {"metadata":{"emulator":{"name":"functions"},"function":{"name":"us-central1-api"},"extension":{},"message":"Beginning execution of \"us-central1-api\""}}
[debug] [2024-05-11T12:03:55.979Z] [worker-us-central1-api-aa1c4871-2950-4672-b1ca-fa29df05e9bf]: BUSY {"metadata":{"emulator":{"name":"functions"},"function":{"name":"us-central1-api"},"extension":{},"message":"[worker-us-central1-api-aa1c4871-2950-4672-b1ca-fa29df05e9bf]: BUSY"}}
[debug] [2024-05-11T12:03:56.798Z] Finishing up request with event=pause {"metadata":{"emulator":{"name":"functions"},"function":{"name":"us-central1-api"},"extension":{},"message":"Finishing up request with event=pause"}}
[info] i  functions: Finished "us-central1-api" in 820.0682ms {"metadata":{"emulator":{"name":"functions"},"function":{"name":"us-central1-api"},"extension":{},"message":"Finished \"us-central1-api\" in 820.0682ms"}}
[debug] [2024-05-11T12:03:56.801Z] [worker-us-central1-api-aa1c4871-2950-4672-b1ca-fa29df05e9bf]: IDLE {"metadata":{"emulator":{"name":"functions"},"function":{"name":"us-central1-api"},"extension":{},"message":"[worker-us-central1-api-aa1c4871-2950-4672-b1ca-fa29df05e9bf]: IDLE"}}
[debug] [2024-05-11T12:03:56.801Z] Finishing up request with event=finish {"metadata":{"emulator":{"name":"functions"},"function":{"name":"us-central1-api"},"extension":{},"message":"Finishing up request with event=finish"}}
[debug] [2024-05-11T12:03:56.802Z] Finishing up request with event=close {"metadata":{"emulator":{"name":"functions"},"function":{"name":"us-central1-api"},"extension":{},"message":"Finishing up request with event=close"}}
[debug] [2024-05-11T12:03:56.802Z] [work-queue] {"queuedWork":[],"queueLength":0,"runningWork":[],"workRunningCount":0}
[debug] [2024-05-11T12:30:15.128Z] [work-queue] {"queuedWork":["/e-commerce-568a7/us-central1/api/payments/create-2024-05-11T12:30:15.128Z"],"queueLength":1,"runningWork":[],"workRunningCount":0}
[debug] [2024-05-11T12:30:15.129Z] [work-queue] {"queuedWork":[],"queueLength":0,"runningWork":["/e-commerce-568a7/us-central1/api/payments/create-2024-05-11T12:30:15.128Z"],"workRunningCount":1}
[debug] [2024-05-11T12:30:15.129Z] Accepted request POST /e-commerce-568a7/us-central1/api/payments/create?total=3599 --> us-central1-api
[debug] [2024-05-11T12:30:15.160Z] [functions] Runtime ready! Sending request! {"metadata":{"emulator":{"name":"functions"},"message":"[functions] Runtime ready! Sending request!"}}
[debug] [2024-05-11T12:30:15.161Z] [functions] Got req.url=/e-commerce-568a7/us-central1/api/payments/create?total=3599, mapping to path=/payments/create?total=3599 {"metadata":{"emulator":{"name":"functions"},"message":"[functions] Got req.url=/e-commerce-568a7/us-central1/api/payments/create?total=3599, mapping to path=/payments/create?total=3599"}}
[debug] [2024-05-11T12:30:15.161Z] [worker-pool] submitRequest(triggerId=us-central1-api) {"metadata":{"emulator":{"name":"functions"},"message":"[worker-pool] submitRequest(triggerId=us-central1-api)"}}
[info] i  functions: Beginning execution of "us-central1-api" {"metadata":{"emulator":{"name":"functions"},"function":{"name":"us-central1-api"},"extension":{},"message":"Beginning execution of \"us-central1-api\""}}
[debug] [2024-05-11T12:30:15.193Z] [worker-us-central1-api-aa1c4871-2950-4672-b1ca-fa29df05e9bf]: BUSY {"metadata":{"emulator":{"name":"functions"},"function":{"name":"us-central1-api"},"extension":{},"message":"[worker-us-central1-api-aa1c4871-2950-4672-b1ca-fa29df05e9bf]: BUSY"}}
[debug] [2024-05-11T12:30:15.210Z] [work-queue] {"queuedWork":["/e-commerce-568a7/us-central1/api/payments/create-2024-05-11T12:30:15.210Z"],"queueLength":1,"runningWork":["/e-commerce-568a7/us-central1/api/payments/create-2024-05-11T12:30:15.128Z"],"workRunningCount":1}
[debug] [2024-05-11T12:30:15.210Z] [work-queue] {"queuedWork":[],"queueLength":0,"runningWork":["/e-commerce-568a7/us-central1/api/payments/create-2024-05-11T12:30:15.128Z","/e-commerce-568a7/us-central1/api/payments/create-2024-05-11T12:30:15.210Z"],"workRunningCount":2}
[debug] [2024-05-11T12:30:15.210Z] Accepted request POST /e-commerce-568a7/us-central1/api/payments/create?total=3599 --> us-central1-api
[debug] [2024-05-11T12:30:15.216Z] [functions] Runtime ready! Sending request! {"metadata":{"emulator":{"name":"functions"},"message":"[functions] Runtime ready! Sending request!"}}
[debug] [2024-05-11T12:30:15.216Z] [functions] Got req.url=/e-commerce-568a7/us-central1/api/payments/create?total=3599, mapping to path=/payments/create?total=3599 {"metadata":{"emulator":{"name":"functions"},"message":"[functions] Got req.url=/e-commerce-568a7/us-central1/api/payments/create?total=3599, mapping to path=/payments/create?total=3599"}}
[debug] [2024-05-11T12:30:15.217Z] [worker-pool] submitRequest(triggerId=us-central1-api) {"metadata":{"emulator":{"name":"functions"},"message":"[worker-pool] submitRequest(triggerId=us-central1-api)"}}
[info] i  functions: Beginning execution of "us-central1-api" {"metadata":{"emulator":{"name":"functions"},"function":{"name":"us-central1-api"},"extension":{},"message":"Beginning execution of \"us-central1-api\""}}
[debug] [2024-05-11T12:30:15.223Z] [worker-us-central1-api-2c1cf636-ece1-443a-98b7-e4f352b1cc10]: BUSY {"metadata":{"emulator":{"name":"functions"},"function":{"name":"us-central1-api"},"extension":{},"message":"[worker-us-central1-api-2c1cf636-ece1-443a-98b7-e4f352b1cc10]: BUSY"}}
[debug] [2024-05-11T12:30:22.617Z] Finishing up request with event=pause {"metadata":{"emulator":{"name":"functions"},"function":{"name":"us-central1-api"},"extension":{},"message":"Finishing up request with event=pause"}}
[info] i  functions: Finished "us-central1-api" in 7424.084ms {"metadata":{"emulator":{"name":"functions"},"function":{"name":"us-central1-api"},"extension":{},"message":"Finished \"us-central1-api\" in 7424.084ms"}}
[debug] [2024-05-11T12:30:22.621Z] [worker-us-central1-api-aa1c4871-2950-4672-b1ca-fa29df05e9bf]: IDLE {"metadata":{"emulator":{"name":"functions"},"function":{"name":"us-central1-api"},"extension":{},"message":"[worker-us-central1-api-aa1c4871-2950-4672-b1ca-fa29df05e9bf]: IDLE"}}
[debug] [2024-05-11T12:30:22.621Z] Finishing up request with event=finish {"metadata":{"emulator":{"name":"functions"},"function":{"name":"us-central1-api"},"extension":{},"message":"Finishing up request with event=finish"}}
[debug] [2024-05-11T12:30:22.621Z] Finishing up request with event=close {"metadata":{"emulator":{"name":"functions"},"function":{"name":"us-central1-api"},"extension":{},"message":"Finishing up request with event=close"}}
[debug] [2024-05-11T12:30:22.622Z] [work-queue] {"queuedWork":[],"queueLength":0,"runningWork":["/e-commerce-568a7/us-central1/api/payments/create-2024-05-11T12:30:15.210Z"],"workRunningCount":1}
[debug] [2024-05-11T12:30:26.474Z] Finishing up request with event=pause {"metadata":{"emulator":{"name":"functions"},"function":{"name":"us-central1-api"},"extension":{},"message":"Finishing up request with event=pause"}}
[info] i  functions: Finished "us-central1-api" in 11251.141ms {"metadata":{"emulator":{"name":"functions"},"function":{"name":"us-central1-api"},"extension":{},"message":"Finished \"us-central1-api\" in 11251.141ms"}}
[debug] [2024-05-11T12:30:26.476Z] [worker-us-central1-api-2c1cf636-ece1-443a-98b7-e4f352b1cc10]: IDLE {"metadata":{"emulator":{"name":"functions"},"function":{"name":"us-central1-api"},"extension":{},"message":"[worker-us-central1-api-2c1cf636-ece1-443a-98b7-e4f352b1cc10]: IDLE"}}
[debug] [2024-05-11T12:30:26.476Z] Finishing up request with event=finish {"metadata":{"emulator":{"name":"functions"},"function":{"name":"us-central1-api"},"extension":{},"message":"Finishing up request with event=finish"}}
[debug] [2024-05-11T12:30:26.477Z] Finishing up request with event=close {"metadata":{"emulator":{"name":"functions"},"function":{"name":"us-central1-api"},"extension":{},"message":"Finishing up request with event=close"}}
[debug] [2024-05-11T12:30:26.477Z] [work-queue] {"queuedWork":[],"queueLength":0,"runningWork":[],"workRunningCount":0}
[debug] [2024-05-11T12:38:53.453Z] [work-queue] {"queuedWork":["/e-commerce-568a7/us-central1/api/payments/create-2024-05-11T12:38:53.453Z"],"queueLength":1,"runningWork":[],"workRunningCount":0}
[debug] [2024-05-11T12:38:53.454Z] [work-queue] {"queuedWork":[],"queueLength":0,"runningWork":["/e-commerce-568a7/us-central1/api/payments/create-2024-05-11T12:38:53.453Z"],"workRunningCount":1}
[debug] [2024-05-11T12:38:53.454Z] Accepted request POST /e-commerce-568a7/us-central1/api/payments/create?total=1199 --> us-central1-api
[debug] [2024-05-11T12:38:53.461Z] [functions] Runtime ready! Sending request! {"metadata":{"emulator":{"name":"functions"},"message":"[functions] Runtime ready! Sending request!"}}
[debug] [2024-05-11T12:38:53.462Z] [functions] Got req.url=/e-commerce-568a7/us-central1/api/payments/create?total=1199, mapping to path=/payments/create?total=1199 {"metadata":{"emulator":{"name":"functions"},"message":"[functions] Got req.url=/e-commerce-568a7/us-central1/api/payments/create?total=1199, mapping to path=/payments/create?total=1199"}}
[debug] [2024-05-11T12:38:53.462Z] [worker-pool] submitRequest(triggerId=us-central1-api) {"metadata":{"emulator":{"name":"functions"},"message":"[worker-pool] submitRequest(triggerId=us-central1-api)"}}
[info] i  functions: Beginning execution of "us-central1-api" {"metadata":{"emulator":{"name":"functions"},"function":{"name":"us-central1-api"},"extension":{},"message":"Beginning execution of \"us-central1-api\""}}
[debug] [2024-05-11T12:38:53.465Z] [worker-us-central1-api-aa1c4871-2950-4672-b1ca-fa29df05e9bf]: BUSY {"metadata":{"emulator":{"name":"functions"},"function":{"name":"us-central1-api"},"extension":{},"message":"[worker-us-central1-api-aa1c4871-2950-4672-b1ca-fa29df05e9bf]: BUSY"}}
[debug] [2024-05-11T12:38:53.467Z] [work-queue] {"queuedWork":["/e-commerce-568a7/us-central1/api/payments/create-2024-05-11T12:38:53.467Z"],"queueLength":1,"runningWork":["/e-commerce-568a7/us-central1/api/payments/create-2024-05-11T12:38:53.453Z"],"workRunningCount":1}
[debug] [2024-05-11T12:38:53.468Z] [work-queue] {"queuedWork":[],"queueLength":0,"runningWork":["/e-commerce-568a7/us-central1/api/payments/create-2024-05-11T12:38:53.453Z","/e-commerce-568a7/us-central1/api/payments/create-2024-05-11T12:38:53.467Z"],"workRunningCount":2}
[debug] [2024-05-11T12:38:53.468Z] Accepted request POST /e-commerce-568a7/us-central1/api/payments/create?total=1199 --> us-central1-api
[debug] [2024-05-11T12:38:53.474Z] [functions] Runtime ready! Sending request! {"metadata":{"emulator":{"name":"functions"},"message":"[functions] Runtime ready! Sending request!"}}
[debug] [2024-05-11T12:38:53.474Z] [functions] Got req.url=/e-commerce-568a7/us-central1/api/payments/create?total=1199, mapping to path=/payments/create?total=1199 {"metadata":{"emulator":{"name":"functions"},"message":"[functions] Got req.url=/e-commerce-568a7/us-central1/api/payments/create?total=1199, mapping to path=/payments/create?total=1199"}}
[debug] [2024-05-11T12:38:53.475Z] [worker-pool] submitRequest(triggerId=us-central1-api) {"metadata":{"emulator":{"name":"functions"},"message":"[worker-pool] submitRequest(triggerId=us-central1-api)"}}
[info] i  functions: Beginning execution of "us-central1-api" {"metadata":{"emulator":{"name":"functions"},"function":{"name":"us-central1-api"},"extension":{},"message":"Beginning execution of \"us-central1-api\""}}
[debug] [2024-05-11T12:38:53.476Z] [worker-us-central1-api-2c1cf636-ece1-443a-98b7-e4f352b1cc10]: BUSY {"metadata":{"emulator":{"name":"functions"},"function":{"name":"us-central1-api"},"extension":{},"message":"[worker-us-central1-api-2c1cf636-ece1-443a-98b7-e4f352b1cc10]: BUSY"}}
[debug] [2024-05-11T12:38:55.413Z] Finishing up request with event=pause {"metadata":{"emulator":{"name":"functions"},"function":{"name":"us-central1-api"},"extension":{},"message":"Finishing up request with event=pause"}}
[info] i  functions: Finished "us-central1-api" in 1949.3782999999999ms {"metadata":{"emulator":{"name":"functions"},"function":{"name":"us-central1-api"},"extension":{},"message":"Finished \"us-central1-api\" in 1949.3782999999999ms"}}
[debug] [2024-05-11T12:38:55.415Z] [worker-us-central1-api-aa1c4871-2950-4672-b1ca-fa29df05e9bf]: IDLE {"metadata":{"emulator":{"name":"functions"},"function":{"name":"us-central1-api"},"extension":{},"message":"[worker-us-central1-api-aa1c4871-2950-4672-b1ca-fa29df05e9bf]: IDLE"}}
[debug] [2024-05-11T12:38:55.416Z] Finishing up request with event=finish {"metadata":{"emulator":{"name":"functions"},"function":{"name":"us-central1-api"},"extension":{},"message":"Finishing up request with event=finish"}}
[debug] [2024-05-11T12:38:55.416Z] Finishing up request with event=close {"metadata":{"emulator":{"name":"functions"},"function":{"name":"us-central1-api"},"extension":{},"message":"Finishing up request with event=close"}}
[debug] [2024-05-11T12:38:55.417Z] [work-queue] {"queuedWork":[],"queueLength":0,"runningWork":["/e-commerce-568a7/us-central1/api/payments/create-2024-05-11T12:38:53.467Z"],"workRunningCount":1}
[debug] [2024-05-11T12:38:58.594Z] Finishing up request with event=pause {"metadata":{"emulator":{"name":"functions"},"function":{"name":"us-central1-api"},"extension":{},"message":"Finishing up request with event=pause"}}
[info] i  functions: Finished "us-central1-api" in 5117.9681ms {"metadata":{"emulator":{"name":"functions"},"function":{"name":"us-central1-api"},"extension":{},"message":"Finished \"us-central1-api\" in 5117.9681ms"}}
[debug] [2024-05-11T12:38:58.597Z] [worker-us-central1-api-2c1cf636-ece1-443a-98b7-e4f352b1cc10]: IDLE {"metadata":{"emulator":{"name":"functions"},"function":{"name":"us-central1-api"},"extension":{},"message":"[worker-us-central1-api-2c1cf636-ece1-443a-98b7-e4f352b1cc10]: IDLE"}}
[debug] [2024-05-11T12:38:58.597Z] Finishing up request with event=finish {"metadata":{"emulator":{"name":"functions"},"function":{"name":"us-central1-api"},"extension":{},"message":"Finishing up request with event=finish"}}
[debug] [2024-05-11T12:38:58.598Z] Finishing up request with event=close {"metadata":{"emulator":{"name":"functions"},"function":{"name":"us-central1-api"},"extension":{},"message":"Finishing up request with event=close"}}
[debug] [2024-05-11T12:38:58.598Z] [work-queue] {"queuedWork":[],"queueLength":0,"runningWork":[],"workRunningCount":0}
